#
# A fatal error has been detected by the Java Runtime Environment:
#
#  Internal Error (safepoint.cpp:716), pid=5643, tid=0x00000000000093b3
#  fatal error: Illegal threadstate encountered: 4
#
# JRE version: Java(TM) SE Runtime Environment (8.0_311-b11) (build 1.8.0_311-b11)
# Java VM: Java HotSpot(TM) 64-Bit Server VM (25.311-b11 mixed mode bsd-amd64 compressed oops)
# Failed to write core dump. Core dumps have been disabled. To enable core dumping, try "ulimit -c unlimited" before starting Java again
#
# If you would like to submit a bug report, please visit:
#   http://bugreport.java.com/bugreport/crash.jsp
# The crash happened outside the Java Virtual Machine in native code.
# See problematic frame for where to report the bug.
#

---------------  T H R E A D  ---------------

Current thread (0x00007fdb789cf800):  JavaThread "Thread-1" daemon [_thread_in_native, id=37811, stack(0x000000030acfb000,0x000000030adfb000)]

Stack: [0x000000030acfb000,0x000000030adfb000],  sp=0x000000030adf9f10,  free space=1019k
Native frames: (J=compiled Java code, j=interpreted, Vv=VM code, C=native code)
V  [libjvm.dylib+0x59b253]
V  [libjvm.dylib+0x1d392b]
V  [libjvm.dylib+0x4e75ff]
V  [libjvm.dylib+0x561aa3]
V  [libjvm.dylib+0x2fd8da]
C  [libglass.dylib+0x9d38]  -[GlassRunnable dealloc]+0x28
C  [Foundation+0x8210b]  -[_NSThreadPerformInfo dealloc]+0x2a
C  [Foundation+0x4edc7]  -[NSObject(NSThreadPerformAdditions) performSelectorOnMainThread:withObject:waitUntilDone:]+0x7c
J 1834  com.sun.glass.ui.mac.MacApplication._submitForLaterInvocation(Ljava/lang/Runnable;)V (0 bytes) @ 0x000000010e1da6fc [0x000000010e1da640+0xbc]
J 1833 C1 com.sun.glass.ui.mac.MacApplication.submitForLaterInvocation(Ljava/lang/Runnable;)V (6 bytes) @ 0x000000010e1dcbbc [0x000000010e1dcb40+0x7c]
j  com.sun.glass.ui.InvokeLaterDispatcher.run()V+82
v  ~StubRoutines::call_stub
V  [libjvm.dylib+0x2d63ff]
V  [libjvm.dylib+0x2d5262]
V  [libjvm.dylib+0x2d5443]
V  [libjvm.dylib+0x3427d7]
V  [libjvm.dylib+0x5602ee]
V  [libjvm.dylib+0x5601b3]
V  [libjvm.dylib+0x48d487]
C  [libsystem_pthread.dylib+0x6514]  _pthread_start+0x7d
C  [libsystem_pthread.dylib+0x202f]  thread_start+0xf
C  0x0000000000000000

Java frames: (J=compiled Java code, j=interpreted, Vv=VM code)
J 1834  com.sun.glass.ui.mac.MacApplication._submitForLaterInvocation(Ljava/lang/Runnable;)V (0 bytes) @ 0x000000010e1da68c [0x000000010e1da640+0x4c]
J 1833 C1 com.sun.glass.ui.mac.MacApplication.submitForLaterInvocation(Ljava/lang/Runnable;)V (6 bytes) @ 0x000000010e1dcbbc [0x000000010e1dcb40+0x7c]
j  com.sun.glass.ui.InvokeLaterDispatcher.run()V+82
v  ~StubRoutines::call_stub

---------------  P R O C E S S  ---------------

Java Threads: ( => current thread )
  0x00007fdb78a1a800 JavaThread "Prism Font Disposer" daemon [_thread_blocked, id=70827, stack(0x000000030b090000,0x000000030b190000)]
  0x00007fdb57058800 JavaThread "JavaFX-Launcher" [_thread_blocked, id=55867, stack(0x000000030af8d000,0x000000030b08d000)]
  0x00007fdb7713e800 JavaThread "PulseTimer-CVDisplayLink thread" daemon [_thread_in_native, id=51715, stack(0x000000030ae87000,0x000000030af07000)]
  0x00007fdb77107800 JavaThread "JavaFX Application Thread" [_thread_in_native, id=259, stack(0x0000000308ea4000,0x00000003096a4000)]
=>0x00007fdb789cf800 JavaThread "Thread-1" daemon [_thread_in_native, id=37811, stack(0x000000030acfb000,0x000000030adfb000)]
  0x00007fdb79047800 JavaThread "QuantumRenderer-0" daemon [_thread_blocked, id=24207, stack(0x000000030ab70000,0x000000030ac70000)]
  0x00007fdb78818000 JavaThread "Service Thread" daemon [_thread_blocked, id=42247, stack(0x000000030a96a000,0x000000030aa6a000)]
  0x00007fdb57035800 JavaThread "C1 CompilerThread3" daemon [_thread_blocked, id=22275, stack(0x000000030a867000,0x000000030a967000)]
  0x00007fdb57034800 JavaThread "C2 CompilerThread2" daemon [_thread_blocked, id=22019, stack(0x000000030a764000,0x000000030a864000)]
  0x00007fdb7902a000 JavaThread "C2 CompilerThread1" daemon [_thread_blocked, id=43267, stack(0x000000030a661000,0x000000030a761000)]
  0x00007fdb77030800 JavaThread "C2 CompilerThread0" daemon [_thread_blocked, id=16643, stack(0x000000030a55e000,0x000000030a65e000)]
  0x00007fdb77030000 JavaThread "Signal Dispatcher" daemon [_thread_blocked, id=16131, stack(0x000000030a45b000,0x000000030a55b000)]
  0x00007fdb79025000 JavaThread "Finalizer" daemon [_thread_blocked, id=18723, stack(0x000000030a249000,0x000000030a349000)]
  0x00007fdb7880f800 JavaThread "Reference Handler" daemon [_thread_blocked, id=13859, stack(0x000000030a146000,0x000000030a246000)]
  0x00007fdb79808800 JavaThread "main" [_thread_blocked, id=9731, stack(0x0000000309728000,0x0000000309828000)]

Other Threads:
  0x00007fdb57030000 VMThread [stack: 0x000000030a043000,0x000000030a143000] [id=19203]
  0x00007fdb79032800 WatcherThread [stack: 0x000000030aa6d000,0x000000030ab6d000] [id=23059]

VM state:not at safepoint (normal execution)

VM Mutex/Monitor currently owned by a thread: None

heap address: 0x00000006c0000000, size: 4096 MB, Compressed Oops mode: Zero based, Oop shift amount: 3
Narrow klass base: 0x0000000000000000, Narrow klass shift: 3
Compressed class space size: 1073741824 Address: 0x00000007c0000000

Heap:
 PSYoungGen      total 272896K, used 236206K [0x000000076ab00000, 0x0000000788f80000, 0x00000007c0000000)
  eden space 262144K, 90% used [0x000000076ab00000,0x00000007791abb50,0x000000077ab00000)
  from space 10752K, 0% used [0x000000077ab00000,0x000000077ab00000,0x000000077b580000)
  to   space 44544K, 0% used [0x0000000786400000,0x0000000786400000,0x0000000788f80000)
 ParOldGen       total 769536K, used 469474K [0x00000006c0000000, 0x00000006eef80000, 0x000000076ab00000)
  object space 769536K, 61% used [0x00000006c0000000,0x00000006dca788a0,0x00000006eef80000)
 Metaspace       used 13859K, capacity 14566K, committed 14720K, reserved 1062912K
  class space    used 1854K, capacity 2054K, committed 2176K, reserved 1048576K

Card table byte_map: [0x000000010b584000,0x000000010bd85000] byte_map_base: 0x0000000107f84000

Marking Bits: (ParMarkBitMap*) 0x000000010c58c2e8
 Begin Bits: [0x000000011d1a2000, 0x00000001211a2000)
 End Bits:   [0x00000001211a2000, 0x00000001251a2000)

Polling page: 0x000000010b0a5000

CodeCache: size=245760Kb used=6228Kb max_used=6235Kb free=239532Kb
 bounds [0x000000010dc4c000, 0x000000010e26c000, 0x000000011cc4c000]
 total_blobs=2599 nmethods=1986 adapters=527
 compilation: enabled

Compilation events (10 events):
Event: 8.982 Thread 0x00007fdb57035800 1983       3       java.util.EnumMap::values (26 bytes)
Event: 8.983 Thread 0x00007fdb57035800 nmethod 1983 0x000000010e261350 code [0x000000010e2614e0, 0x000000010e261870]
Event: 9.199 Thread 0x00007fdb7902a000 1984       4       com.sun.javafx.geom.RectBounds::isEmpty (30 bytes)
Event: 9.200 Thread 0x00007fdb57035800 1985       3       com.sun.javafx.stage.WindowCloseRequestHandler::dispatchBubblingEvent (23 bytes)
Event: 9.201 Thread 0x00007fdb57035800 nmethod 1985 0x000000010e2646d0 code [0x000000010e264880, 0x000000010e264ed8]
Event: 9.202 Thread 0x00007fdb7902a000 nmethod 1984 0x000000010e258150 code [0x000000010e2582a0, 0x000000010e258358]
Event: 9.202 Thread 0x00007fdb57035800 1986       3       com.sun.javafx.event.BasicEventDispatcher::dispatchBubblingEvent (2 bytes)
Event: 9.202 Thread 0x00007fdb57035800 nmethod 1986 0x000000010e264390 code [0x000000010e2644e0, 0x000000010e264630]
Event: 9.217 Thread 0x00007fdb57035800 1987       3       com.sun.javafx.scene.KeyboardShortcutsHandler::dispatchBubblingEvent (192 bytes)
Event: 9.218 Thread 0x00007fdb57035800 nmethod 1987 0x000000010e263610 code [0x000000010e263800, 0x000000010e2641b8]

GC Heap History (10 events):
Event: 1.088 GC heap before
{Heap before GC invocations=4 (full 1):
 PSYoungGen      total 141824K, used 10676K [0x000000076ab00000, 0x000000077c000000, 0x00000007c0000000)
  eden space 131072K, 0% used [0x000000076ab00000,0x000000076ab00000,0x0000000772b00000)
  from space 10752K, 99% used [0x0000000772b00000,0x000000077356d040,0x0000000773580000)
  to   space 10752K, 0% used [0x000000077b580000,0x000000077b580000,0x000000077c000000)
 ParOldGen       total 199680K, used 198530K [0x00000006c0000000, 0x00000006cc300000, 0x000000076ab00000)
  object space 199680K, 99% used [0x00000006c0000000,0x00000006cc1e09a0,0x00000006cc300000)
 Metaspace       used 9632K, capacity 9930K, committed 10112K, reserved 1058816K
  class space    used 1295K, capacity 1404K, committed 1408K, reserved 1048576K
Event: 1.101 GC heap after
Heap after GC invocations=4 (full 1):
 PSYoungGen      total 141824K, used 0K [0x000000076ab00000, 0x000000077c000000, 0x00000007c0000000)
  eden space 131072K, 0% used [0x000000076ab00000,0x000000076ab00000,0x0000000772b00000)
  from space 10752K, 0% used [0x0000000772b00000,0x0000000772b00000,0x0000000773580000)
  to   space 10752K, 0% used [0x000000077b580000,0x000000077b580000,0x000000077c000000)
 ParOldGen       total 376832K, used 188750K [0x00000006c0000000, 0x00000006d7000000, 0x000000076ab00000)
  object space 376832K, 50% used [0x00000006c0000000,0x00000006cb8538d8,0x00000006d7000000)
 Metaspace       used 9632K, capacity 9930K, committed 10112K, reserved 1058816K
  class space    used 1295K, capacity 1404K, committed 1408K, reserved 1048576K
}
Event: 1.236 GC heap before
{Heap before GC invocations=5 (full 1):
 PSYoungGen      total 141824K, used 124292K [0x000000076ab00000, 0x000000077c000000, 0x00000007c0000000)
  eden space 131072K, 94% used [0x000000076ab00000,0x00000007724612f8,0x0000000772b00000)
  from space 10752K, 0% used [0x0000000772b00000,0x0000000772b00000,0x0000000773580000)
  to   space 10752K, 0% used [0x000000077b580000,0x000000077b580000,0x000000077c000000)
 ParOldGen       total 376832K, used 188750K [0x00000006c0000000, 0x00000006d7000000, 0x000000076ab00000)
  object space 376832K, 50% used [0x00000006c0000000,0x00000006cb8538d8,0x00000006d7000000)
 Metaspace       used 9632K, capacity 9930K, committed 10112K, reserved 1058816K
  class space    used 1295K, capacity 1404K, committed 1408K, reserved 1048576K
Event: 1.258 GC heap after
Heap after GC invocations=5 (full 1):
 PSYoungGen      total 262656K, used 10381K [0x000000076ab00000, 0x000000077c000000, 0x00000007c0000000)
  eden space 251904K, 0% used [0x000000076ab00000,0x000000076ab00000,0x000000077a100000)
  from space 10752K, 96% used [0x000000077b580000,0x000000077bfa3420,0x000000077c000000)
  to   space 10752K, 0% used [0x000000077ab00000,0x000000077ab00000,0x000000077b580000)
 ParOldGen       total 376832K, used 277850K [0x00000006c0000000, 0x00000006d7000000, 0x000000076ab00000)
  object space 376832K, 73% used [0x00000006c0000000,0x00000006d0f56988,0x00000006d7000000)
 Metaspace       used 9632K, capacity 9930K, committed 10112K, reserved 1058816K
  class space    used 1295K, capacity 1404K, committed 1408K, reserved 1048576K
}
Event: 1.258 GC heap before
{Heap before GC invocations=6 (full 2):
 PSYoungGen      total 262656K, used 10381K [0x000000076ab00000, 0x000000077c000000, 0x00000007c0000000)
  eden space 251904K, 0% used [0x000000076ab00000,0x000000076ab00000,0x000000077a100000)
  from space 10752K, 96% used [0x000000077b580000,0x000000077bfa3420,0x000000077c000000)
  to   space 10752K, 0% used [0x000000077ab00000,0x000000077ab00000,0x000000077b580000)
 ParOldGen       total 376832K, used 277850K [0x00000006c0000000, 0x00000006d7000000, 0x000000076ab00000)
  object space 376832K, 73% used [0x00000006c0000000,0x00000006d0f56988,0x00000006d7000000)
 Metaspace       used 9632K, capacity 9930K, committed 10112K, reserved 1058816K
  class space    used 1295K, capacity 1404K, committed 1408K, reserved 1048576K
Event: 1.280 GC heap after
Heap after GC invocations=6 (full 2):
 PSYoungGen      total 262656K, used 0K [0x000000076ab00000, 0x000000077c000000, 0x00000007c0000000)
  eden space 251904K, 0% used [0x000000076ab00000,0x000000076ab00000,0x000000077a100000)
  from space 10752K, 0% used [0x000000077b580000,0x000000077b580000,0x000000077c000000)
  to   space 10752K, 0% used [0x000000077ab00000,0x000000077ab00000,0x000000077b580000)
 ParOldGen       total 505344K, used 287977K [0x00000006c0000000, 0x00000006ded80000, 0x000000076ab00000)
  object space 505344K, 56% used [0x00000006c0000000,0x00000006d193a750,0x00000006ded80000)
 Metaspace       used 9632K, capacity 9930K, committed 10112K, reserved 1058816K
  class space    used 1295K, capacity 1404K, committed 1408K, reserved 1048576K
}
Event: 4.558 GC heap before
{Heap before GC invocations=7 (full 2):
 PSYoungGen      total 262656K, used 250392K [0x000000076ab00000, 0x000000077c000000, 0x00000007c0000000)
  eden space 251904K, 99% used [0x000000076ab00000,0x0000000779f86300,0x000000077a100000)
  from space 10752K, 0% used [0x000000077b580000,0x000000077b580000,0x000000077c000000)
  to   space 10752K, 0% used [0x000000077ab00000,0x000000077ab00000,0x000000077b580000)
 ParOldGen       total 505344K, used 287977K [0x00000006c0000000, 0x00000006ded80000, 0x000000076ab00000)
  object space 505344K, 56% used [0x00000006c0000000,0x00000006d193a750,0x00000006ded80000)
 Metaspace       used 13631K, capacity 14240K, committed 14336K, reserved 1060864K
  class space    used 1851K, capacity 2021K, committed 2048K, reserved 1048576K
Event: 4.604 GC heap after
Heap after GC invocations=7 (full 2):
 PSYoungGen      total 272896K, used 10394K [0x000000076ab00000, 0x0000000788f80000, 0x00000007c0000000)
  eden space 262144K, 0% used [0x000000076ab00000,0x000000076ab00000,0x000000077ab00000)
  from space 10752K, 96% used [0x000000077ab00000,0x000000077b526aa0,0x000000077b580000)
  to   space 44544K, 0% used [0x0000000786400000,0x0000000786400000,0x0000000788f80000)
 ParOldGen       total 505344K, used 469454K [0x00000006c0000000, 0x00000006ded80000, 0x000000076ab00000)
  object space 505344K, 92% used [0x00000006c0000000,0x00000006dca738e0,0x00000006ded80000)
 Metaspace       used 13631K, capacity 14240K, committed 14336K, reserved 1060864K
  class space    used 1851K, capacity 2021K, committed 2048K, reserved 1048576K
}
Event: 4.604 GC heap before
{Heap before GC invocations=8 (full 3):
 PSYoungGen      total 272896K, used 10394K [0x000000076ab00000, 0x0000000788f80000, 0x00000007c0000000)
  eden space 262144K, 0% used [0x000000076ab00000,0x000000076ab00000,0x000000077ab00000)
  from space 10752K, 96% used [0x000000077ab00000,0x000000077b526aa0,0x000000077b580000)
  to   space 44544K, 0% used [0x0000000786400000,0x0000000786400000,0x0000000788f80000)
 ParOldGen       total 505344K, used 469454K [0x00000006c0000000, 0x00000006ded80000, 0x000000076ab00000)
  object space 505344K, 92% used [0x00000006c0000000,0x00000006dca738e0,0x00000006ded80000)
 Metaspace       used 13631K, capacity 14240K, committed 14336K, reserved 1060864K
  class space    used 1851K, capacity 2021K, committed 2048K, reserved 1048576K
Event: 4.636 GC heap after
Heap after GC invocations=8 (full 3):
 PSYoungGen      total 272896K, used 0K [0x000000076ab00000, 0x0000000788f80000, 0x00000007c0000000)
  eden space 262144K, 0% used [0x000000076ab00000,0x000000076ab00000,0x000000077ab00000)
  from space 10752K, 0% used [0x000000077ab00000,0x000000077ab00000,0x000000077b580000)
  to   space 44544K, 0% used [0x0000000786400000,0x0000000786400000,0x0000000788f80000)
 ParOldGen       total 769536K, used 469474K [0x00000006c0000000, 0x00000006eef80000, 0x000000076ab00000)
  object space 769536K, 61% used [0x00000006c0000000,0x00000006dca788a0,0x00000006eef80000)
 Metaspace       used 13631K, capacity 14240K, committed 14336K, reserved 1060864K
  class space    used 1851K, capacity 2021K, committed 2048K, reserved 1048576K
}

Deoptimization events (10 events):
Event: 2.051 Thread 0x00007fdb77107800 Uncommon trap: reason=class_check action=maybe_recompile pc=0x000000010dd6a618 method=java.lang.String.equals(Ljava/lang/Object;)Z @ 8
Event: 2.080 Thread 0x00007fdb77107800 Uncommon trap: reason=class_check action=maybe_recompile pc=0x000000010dd6a618 method=java.lang.String.equals(Ljava/lang/Object;)Z @ 8
Event: 4.299 Thread 0x00007fdb77107800 Uncommon trap: reason=unstable_if action=reinterpret pc=0x000000010e04f1b0 method=java.util.HashMap.isEmpty()Z @ 4
Event: 4.327 Thread 0x00007fdb77107800 Uncommon trap: reason=class_check action=maybe_recompile pc=0x000000010df3b0b8 method=java.io.SequenceInputStream.read()I @ 11
Event: 4.347 Thread 0x00007fdb77107800 Uncommon trap: reason=unstable_if action=reinterpret pc=0x000000010df39090 method=com.sun.javafx.image.impl.ByteBgra$ToByteBgraPreConv.doConvert([BII[BIIII)V @ 75
Event: 4.348 Thread 0x00007fdb77107800 Uncommon trap: reason=unstable_if action=reinterpret pc=0x000000010df47cbc method=com.sun.javafx.image.impl.ByteBgra$ToByteBgraPreConv.doConvert([BII[BIIII)V @ 75
Event: 4.351 Thread 0x00007fdb77107800 Uncommon trap: reason=class_check action=maybe_recompile pc=0x000000010df3b0b8 method=java.io.SequenceInputStream.read()I @ 11
Event: 4.368 Thread 0x00007fdb77107800 Uncommon trap: reason=class_check action=maybe_recompile pc=0x000000010df3b0b8 method=java.io.SequenceInputStream.read()I @ 11
Event: 4.368 Thread 0x00007fdb77107800 Uncommon trap: reason=class_check action=maybe_recompile pc=0x000000010df3b0b8 method=java.io.SequenceInputStream.read()I @ 11
Event: 5.241 Thread 0x00007fdb77107800 Uncommon trap: reason=unstable_if action=reinterpret pc=0x000000010decc7b0 method=java.util.ArrayList.rangeCheck(I)V @ 5

Classes redefined (0 events):
No events

Internal exceptions (10 events):
Event: 0.189 Thread 0x00007fdb79808800 Exception <a 'java/security/PrivilegedActionException'> (0x000000076ae5c1f8) thrown at [/System/Volumes/Data/jenkins/workspace/8-2-build-macosx-x86_64/jdk8u311/1894/hotspot/src/share/vm/prims/jvm.cpp, line 1523]
Event: 0.189 Thread 0x00007fdb79808800 Exception <a 'java/lang/NullPointerException'> (0x000000076ae5c7d0) thrown at [/System/Volumes/Data/jenkins/workspace/8-2-build-macosx-x86_64/jdk8u311/1894/hotspot/src/share/vm/interpreter/linkResolver.cpp, line 1185]
Event: 0.522 Thread 0x00007fdb77107800 Exception <a 'java/lang/NullPointerException'> (0x000000076bb0fc98) thrown at [/System/Volumes/Data/jenkins/workspace/8-2-build-macosx-x86_64/jdk8u311/1894/hotspot/src/share/vm/interpreter/linkResolver.cpp, line 1185]
Event: 0.522 Thread 0x00007fdb77107800 Exception <a 'java/lang/NullPointerException'> (0x000000076bb0fc98) thrown at [/System/Volumes/Data/jenkins/workspace/8-2-build-macosx-x86_64/jdk8u311/1894/hotspot/src/share/vm/prims/jvm.cpp, line 1527]
Event: 0.726 Thread 0x00007fdb77107800 Exception <a 'java/io/FileNotFoundException'> (0x000000076c1664d8) thrown at [/System/Volumes/Data/jenkins/workspace/8-2-build-macosx-x86_64/jdk8u311/1894/hotspot/src/share/vm/prims/jni.cpp, line 710]
Event: 1.838 Thread 0x00007fdb77107800 Implicit null exception at 0x000000010defd1b5 to 0x000000010defd3ed
Event: 4.325 Thread 0x00007fdb77107800 Exception <a 'java/io/FileNotFoundException'> (0x000000076e4395f0) thrown at [/System/Volumes/Data/jenkins/workspace/8-2-build-macosx-x86_64/jdk8u311/1894/hotspot/src/share/vm/prims/jni.cpp, line 710]
Event: 4.351 Thread 0x00007fdb77107800 Exception <a 'java/io/FileNotFoundException'> (0x000000076e52d140) thrown at [/System/Volumes/Data/jenkins/workspace/8-2-build-macosx-x86_64/jdk8u311/1894/hotspot/src/share/vm/prims/jni.cpp, line 710]
Event: 4.368 Thread 0x00007fdb77107800 Exception <a 'java/io/FileNotFoundException'> (0x000000076e541430) thrown at [/System/Volumes/Data/jenkins/workspace/8-2-build-macosx-x86_64/jdk8u311/1894/hotspot/src/share/vm/prims/jni.cpp, line 710]
Event: 5.242 Thread 0x00007fdb77107800 Exception <a 'java/lang/IndexOutOfBoundsException'> (0x000000077445c350) thrown at [/System/Volumes/Data/jenkins/workspace/8-2-build-macosx-x86_64/jdk8u311/1894/hotspot/src/share/vm/prims/jvm.cpp, line 1527]

Events (10 events):
Event: 5.242 loading class java/lang/Throwable$PrintStreamOrWriter done
Event: 5.242 loading class java/lang/Throwable$WrappedPrintStream done
Event: 5.242 loading class java/util/IdentityHashMap$KeySet
Event: 5.243 loading class java/util/IdentityHashMap$KeySet done
Event: 5.290 Executing VM operation: RevokeBias
Event: 5.291 Executing VM operation: RevokeBias done
Event: 5.646 loading class com/sun/javafx/tk/quantum/GlassViewEventHandler
Event: 5.646 loading class com/sun/javafx/tk/quantum/GlassViewEventHandler done
Event: 5.657 loading class com/sun/javafx/scene/input/KeyCodeMap
Event: 5.657 loading class com/sun/javafx/scene/input/KeyCodeMap done


Dynamic libraries:
0x00007ff829728000 	/System/Library/Frameworks/Cocoa.framework/Versions/A/Cocoa
0x00007ff814fc9000 	/System/Library/Frameworks/AppKit.framework/Versions/C/AppKit
0x00007ff818519000 	/System/Library/Frameworks/CoreData.framework/Versions/A/CoreData
0x00007ff8133e4000 	/System/Library/Frameworks/Foundation.framework/Versions/C/Foundation
0x00007ff81d80c000 	/usr/lib/libSystem.B.dylib
0x00007ff815e56000 	/System/Library/PrivateFrameworks/UIFoundation.framework/Versions/A/UIFoundation
0x00007ff823700000 	/System/Library/PrivateFrameworks/RemoteViewServices.framework/Versions/A/RemoteViewServices
0x00007ff81b9ff000 	/System/Library/PrivateFrameworks/XCTTargetBootstrap.framework/Versions/A/XCTTargetBootstrap
0x00007ff81f6d7000 	/System/Library/PrivateFrameworks/InternationalSupport.framework/Versions/A/InternationalSupport
0x00007ff81f761000 	/System/Library/PrivateFrameworks/UserActivity.framework/Versions/A/UserActivity
0x00007ff81eabe000 	/usr/lib/libspindump.dylib
0x00007ff8160e4000 	/System/Library/Frameworks/UniformTypeIdentifiers.framework/Versions/A/UniformTypeIdentifiers
0x00007ff81a13e000 	/usr/lib/libapp_launch_measurement.dylib
0x00007ff818ef3000 	/System/Library/PrivateFrameworks/CoreAnalytics.framework/Versions/A/CoreAnalytics
0x00007ff81a141000 	/System/Library/PrivateFrameworks/CoreAutoLayout.framework/Versions/A/CoreAutoLayout
0x00007ff81b360000 	/System/Library/Frameworks/Metal.framework/Versions/A/Metal
0x00007ff81c077000 	/usr/lib/liblangid.dylib
0x00007ff81ba03000 	/System/Library/PrivateFrameworks/CoreSVG.framework/Versions/A/CoreSVG
0x00007ff8174a6000 	/System/Library/PrivateFrameworks/SkyLight.framework/Versions/A/SkyLight
0x00007ff817837000 	/System/Library/Frameworks/CoreGraphics.framework/Versions/A/CoreGraphics
0x00007ff823d6b000 	/System/Library/Frameworks/Accelerate.framework/Versions/A/Accelerate
0x00007ff81e539000 	/System/Library/PrivateFrameworks/IconServices.framework/Versions/A/IconServices
0x00007ff81b345000 	/System/Library/Frameworks/IOSurface.framework/Versions/A/IOSurface
0x00007ff818f21000 	/usr/lib/libDiagnosticMessagesClient.dylib
0x00007ff81d726000 	/usr/lib/libz.1.dylib
0x00007ff8273ca000 	/System/Library/Frameworks/ApplicationServices.framework/Versions/A/ApplicationServices
0x00007ff81b9eb000 	/System/Library/PrivateFrameworks/DFRFoundation.framework/Versions/A/DFRFoundation
0x00007ff8148ba000 	/usr/lib/libicucore.A.dylib
0x00007ff8203f9000 	/System/Library/Frameworks/AudioToolbox.framework/Versions/A/AudioToolbox
0x00007ff81f6e3000 	/System/Library/PrivateFrameworks/DataDetectorsCore.framework/Versions/A/DataDetectorsCore
0x00007ff91ae78000 	/System/Library/PrivateFrameworks/TextInput.framework/Versions/A/TextInput
0x00007ff817429000 	/usr/lib/libMobileGestalt.dylib
0x00007ff81b6f3000 	/System/Library/Frameworks/Carbon.framework/Versions/A/Frameworks/HIToolbox.framework/Versions/A/HIToolbox
0x00007ff819b6c000 	/System/Library/Frameworks/QuartzCore.framework/Versions/A/QuartzCore
0x00007ff81455b000 	/System/Library/Frameworks/Security.framework/Versions/A/Security
0x00007ff823738000 	/System/Library/Frameworks/Carbon.framework/Versions/A/Frameworks/SpeechRecognition.framework/Versions/A/SpeechRecognition
0x00007ff819e9e000 	/System/Library/PrivateFrameworks/CoreUI.framework/Versions/A/CoreUI
0x00007ff813e35000 	/System/Library/Frameworks/CoreAudio.framework/Versions/A/CoreAudio
0x00007ff81900f000 	/System/Library/Frameworks/DiskArbitration.framework/Versions/A/DiskArbitration
0x00007ff81eea1000 	/System/Library/PrivateFrameworks/MultitouchSupport.framework/Versions/A/MultitouchSupport
0x00007ff817428000 	/usr/lib/libenergytrace.dylib
0x00007ff814eb5000 	/System/Library/Frameworks/IOKit.framework/Versions/A/IOKit
0x00007ff823b22000 	/System/Library/Frameworks/CoreServices.framework/Versions/A/CoreServices
0x00007ff81a0d8000 	/System/Library/PrivateFrameworks/PerformanceAnalysis.framework/Versions/A/PerformanceAnalysis
0x00007ffa2a8e7000 	/System/Library/Frameworks/OpenGL.framework/Versions/A/OpenGL
0x00007ff81cd5e000 	/System/Library/PrivateFrameworks/MobileKeyBag.framework/Versions/A/MobileKeyBag
0x00007ff81247c000 	/usr/lib/libobjc.A.dylib
0x00007ff817f66000 	/System/Library/Frameworks/ColorSync.framework/Versions/A/ColorSync
0x00007ff812638000 	/System/Library/Frameworks/CoreFoundation.framework/Versions/A/CoreFoundation
0x00007ff81bc7e000 	/System/Library/Frameworks/CoreImage.framework/Versions/A/CoreImage
0x00007ff813c4b000 	/System/Library/Frameworks/CoreText.framework/Versions/A/CoreText
0x00007ff81ba32000 	/System/Library/Frameworks/ImageIO.framework/Versions/A/ImageIO
0x00007ff81d812000 	/System/Library/PrivateFrameworks/SoftLinking.framework/Versions/A/SoftLinking
0x00007ff81a189000 	/usr/lib/libxml2.2.dylib
0x00007ff812545000 	/usr/lib/libc++.1.dylib
0x00007ff81da92000 	/usr/lib/libcompression.dylib
0x00007ff81f60d000 	/System/Library/PrivateFrameworks/TextureIO.framework/Versions/A/TextureIO
0x00007ff81e1b2000 	/usr/lib/libate.dylib
0x00007ff81d807000 	/usr/lib/system/libcache.dylib
0x00007ff81d7c3000 	/usr/lib/system/libcommonCrypto.dylib
0x00007ff81d7ec000 	/usr/lib/system/libcompiler_rt.dylib
0x00007ff81d7e2000 	/usr/lib/system/libcopyfile.dylib
0x00007ff812376000 	/usr/lib/system/libcorecrypto.dylib
0x00007ff812435000 	/usr/lib/system/libdispatch.dylib
0x00007ff8125f7000 	/usr/lib/system/libdyld.dylib
0x00007ff81d7fe000 	/usr/lib/system/libkeymgr.dylib
0x00007ff81d7a1000 	/usr/lib/system/libmacho.dylib
0x00007ff81ce32000 	/usr/lib/system/libquarantine.dylib
0x00007ff81d7fc000 	/usr/lib/system/libremovefile.dylib
0x00007ff817475000 	/usr/lib/system/libsystem_asl.dylib
0x00007ff812324000 	/usr/lib/system/libsystem_blocks.dylib
0x00007ff8124bc000 	/usr/lib/system/libsystem_c.dylib
0x00007ff81d7f4000 	/usr/lib/system/libsystem_collections.dylib
0x00007ff81c068000 	/usr/lib/system/libsystem_configuration.dylib
0x00007ff81b328000 	/usr/lib/system/libsystem_containermanager.dylib
0x00007ff81d4da000 	/usr/lib/system/libsystem_coreservices.dylib
0x00007ff814b43000 	/usr/lib/system/libsystem_darwin.dylib
0x00007ff81d7ff000 	/usr/lib/system/libsystem_dnssd.dylib
0x00007ff8124b9000 	/usr/lib/system/libsystem_featureflags.dylib
0x00007ff81260d000 	/usr/lib/system/libsystem_info.dylib
0x00007ff81d739000 	/usr/lib/system/libsystem_m.dylib
0x00007ff812409000 	/usr/lib/system/libsystem_malloc.dylib
0x00007ff817412000 	/usr/lib/system/libsystem_networkextension.dylib
0x00007ff814f6b000 	/usr/lib/system/libsystem_notify.dylib
0x00007ff8239f9000 	/usr/lib/system/libsystem_product_info_filter.dylib
0x00007ff81c06c000 	/usr/lib/system/libsystem_sandbox.dylib
0x00007ff81d7f9000 	/usr/lib/system/libsystem_secinit.dylib
0x00007ff8125b4000 	/usr/lib/system/libsystem_kernel.dylib
0x00007ff812603000 	/usr/lib/system/libsystem_platform.dylib
0x00007ff8125eb000 	/usr/lib/system/libsystem_pthread.dylib
0x00007ff818d39000 	/usr/lib/system/libsystem_symptoms.dylib
0x00007ff81235d000 	/usr/lib/system/libsystem_trace.dylib
0x00007ff81d7cf000 	/usr/lib/system/libunwind.dylib
0x00007ff812326000 	/usr/lib/system/libxpc.dylib
0x00007ff81259e000 	/usr/lib/libc++abi.dylib
0x00007ff81d7da000 	/usr/lib/liboah.dylib
0x00007ff81df6b000 	/usr/lib/liblzma.5.dylib
0x00007ff8130f5000 	/System/Library/Frameworks/SystemConfiguration.framework/Versions/A/SystemConfiguration
0x00007ff81d80e000 	/usr/lib/libfakelink.dylib
0x00007ff816f7c000 	/System/Library/Frameworks/CFNetwork.framework/Versions/A/CFNetwork
0x00007ff81d94d000 	/usr/lib/libarchive.2.dylib
0x00007ff81c073000 	/System/Library/PrivateFrameworks/AppleSystemInfo.framework/Versions/A/AppleSystemInfo
0x00007ff81ce58000 	/usr/lib/libbsm.0.dylib
0x00007ff8165b3000 	/usr/lib/libnetwork.dylib
0x00007ff81d7a7000 	/usr/lib/system/libkxld.dylib
0x00007ff81ca87000 	/System/Library/PrivateFrameworks/IOMobileFramebuffer.framework/Versions/A/IOMobileFramebuffer
0x00007ffb28289000 	/usr/lib/libCoreEntitlements.dylib
0x00007ff81d4bc000 	/System/Library/PrivateFrameworks/AppleFSCompression.framework/Versions/A/AppleFSCompression
0x00007ff81ce41000 	/usr/lib/libcoretls.dylib
0x00007ff81df85000 	/usr/lib/libcoretls_cfhelpers.dylib
0x00007ff81da8d000 	/usr/lib/libpam.2.dylib
0x00007ff81895f000 	/usr/lib/libsqlite3.dylib
0x00007ff81dff4000 	/usr/lib/libxar.1.dylib
0x00007ff81d4cc000 	/usr/lib/libbz2.1.0.dylib
0x00007ff81d813000 	/usr/lib/libpcap.A.dylib
0x00007ff818d30000 	/usr/lib/libdns_services.dylib
0x00007ff81da5f000 	/usr/lib/libapple_nghttp2.dylib
0x00007ff81d84a000 	/usr/lib/libiconv.2.dylib
0x00007ff81d7a0000 	/usr/lib/libcharset.1.dylib
0x00007ff81a10c000 	/System/Library/Frameworks/CoreServices.framework/Versions/A/Frameworks/FSEvents.framework/Versions/A/FSEvents
0x00007ff814b4d000 	/System/Library/Frameworks/CoreServices.framework/Versions/A/Frameworks/CarbonCore.framework/Versions/A/CarbonCore
0x00007ff818f74000 	/System/Library/Frameworks/CoreServices.framework/Versions/A/Frameworks/Metadata.framework/Versions/A/Metadata
0x00007ff81d4df000 	/System/Library/Frameworks/CoreServices.framework/Versions/A/Frameworks/OSServices.framework/Versions/A/OSServices
0x00007ff81d9d3000 	/System/Library/Frameworks/CoreServices.framework/Versions/A/Frameworks/SearchKit.framework/Versions/A/SearchKit
0x00007ff818cc2000 	/System/Library/Frameworks/CoreServices.framework/Versions/A/Frameworks/AE.framework/Versions/A/AE
0x00007ff812b39000 	/System/Library/Frameworks/CoreServices.framework/Versions/A/Frameworks/LaunchServices.framework/Versions/A/LaunchServices
0x00007ff81df1c000 	/System/Library/Frameworks/CoreServices.framework/Versions/A/Frameworks/DictionaryServices.framework/Versions/A/DictionaryServices
0x00007ff81a119000 	/System/Library/Frameworks/CoreServices.framework/Versions/A/Frameworks/SharedFileList.framework/Versions/A/SharedFileList
0x00007ff81ce35000 	/usr/lib/libCheckFix.dylib
0x00007ff81748c000 	/System/Library/PrivateFrameworks/TCC.framework/Versions/A/TCC
0x00007ff81c079000 	/System/Library/PrivateFrameworks/CoreNLP.framework/Versions/A/CoreNLP
0x00007ff818f24000 	/System/Library/PrivateFrameworks/MetadataUtilities.framework/Versions/A/MetadataUtilities
0x00007ff8131a5000 	/usr/lib/libmecabra.dylib
0x00007ff81ce68000 	/usr/lib/libmecab.dylib
0x00007ff813170000 	/usr/lib/libCRFSuite.dylib
0x00007ff81cec5000 	/usr/lib/libgermantok.dylib
0x00007ff81da3a000 	/usr/lib/libThaiTokenizer.dylib
0x00007ff819016000 	/System/Library/Frameworks/Accelerate.framework/Versions/A/Frameworks/vImage.framework/Versions/A/vImage
0x00007ff823af9000 	/System/Library/Frameworks/Accelerate.framework/Versions/A/Frameworks/vecLib.framework/Versions/A/vecLib
0x00007ff81e035000 	/System/Library/Frameworks/Accelerate.framework/Versions/A/Frameworks/vecLib.framework/Versions/A/libvMisc.dylib
0x00007ff81c87b000 	/System/Library/Frameworks/Accelerate.framework/Versions/A/Frameworks/vecLib.framework/Versions/A/libvDSP.dylib
0x00007ff812eb1000 	/System/Library/Frameworks/Accelerate.framework/Versions/A/Frameworks/vecLib.framework/Versions/A/libBLAS.dylib
0x00007ff81db6f000 	/System/Library/Frameworks/Accelerate.framework/Versions/A/Frameworks/vecLib.framework/Versions/A/libLAPACK.dylib
0x00007ff81cec8000 	/System/Library/Frameworks/Accelerate.framework/Versions/A/Frameworks/vecLib.framework/Versions/A/libLinearAlgebra.dylib
0x00007ff81da78000 	/System/Library/Frameworks/Accelerate.framework/Versions/A/Frameworks/vecLib.framework/Versions/A/libSparseBLAS.dylib
0x00007ff81db69000 	/System/Library/Frameworks/Accelerate.framework/Versions/A/Frameworks/vecLib.framework/Versions/A/libQuadrature.dylib
0x00007ff81c163000 	/System/Library/Frameworks/Accelerate.framework/Versions/A/Frameworks/vecLib.framework/Versions/A/libBNNS.dylib
0x00007ff813086000 	/System/Library/Frameworks/Accelerate.framework/Versions/A/Frameworks/vecLib.framework/Versions/A/libSparse.dylib
0x00007ff81c15c000 	/System/Library/PrivateFrameworks/LinguisticData.framework/Versions/A/LinguisticData
0x00007ff81303b000 	/System/Library/PrivateFrameworks/Lexicon.framework/Versions/A/Lexicon
0x00007ff81e02e000 	/usr/lib/libChineseTokenizer.dylib
0x00007ff81379f000 	/System/Library/PrivateFrameworks/LanguageModeling.framework/Versions/A/LanguageModeling
0x00007ff81da3c000 	/System/Library/PrivateFrameworks/AppleSauce.framework/Versions/A/AppleSauce
0x00007ff81ca75000 	/System/Library/PrivateFrameworks/CoreEmoji.framework/Versions/A/CoreEmoji
0x00007ff81d93c000 	/usr/lib/libcmph.dylib
0x00007ff81a0f0000 	/System/Library/Frameworks/OpenDirectory.framework/Versions/A/Frameworks/CFOpenDirectory.framework/Versions/A/CFOpenDirectory
0x00007ff81a0e4000 	/System/Library/Frameworks/OpenDirectory.framework/Versions/A/OpenDirectory
0x00007ff81df87000 	/System/Library/PrivateFrameworks/APFS.framework/Versions/A/APFS
0x00007ff81cd96000 	/System/Library/Frameworks/SecurityFoundation.framework/Versions/A/SecurityFoundation
0x00007ff81e002000 	/usr/lib/libutil.dylib
0x00007ff814e78000 	/System/Library/PrivateFrameworks/CoreServicesStore.framework/Versions/A/CoreServicesStore
0x00007ff81e006000 	/usr/lib/libxslt.1.dylib
0x00007ff81ce23000 	/System/Library/PrivateFrameworks/BackgroundTaskManagement.framework/Versions/A/BackgroundTaskManagement
0x00007ff81f52f000 	/System/Library/Frameworks/ImageIO.framework/Versions/A/Resources/libRadiance.dylib
0x00007ff81f538000 	/System/Library/Frameworks/ImageIO.framework/Versions/A/Resources/libJPEG.dylib
0x00007ff81f489000 	/System/Library/Frameworks/ImageIO.framework/Versions/A/Resources/libPng.dylib
0x00007ff81f4aa000 	/System/Library/Frameworks/ImageIO.framework/Versions/A/Resources/libTIFF.dylib
0x00007ff81f596000 	/System/Library/Frameworks/ImageIO.framework/Versions/A/Resources/libGIF.dylib
0x00007ff81edbe000 	/System/Library/Frameworks/ImageIO.framework/Versions/A/Resources/libJP2.dylib
0x00007ff81e500000 	/usr/lib/libexpat.1.dylib
0x00007ff81ed73000 	/System/Library/PrivateFrameworks/AppleJPEG.framework/Versions/A/AppleJPEG
0x00007ff81b5ba000 	/System/Library/PrivateFrameworks/FontServices.framework/libFontParser.dylib
0x00007ff818c6c000 	/System/Library/PrivateFrameworks/RunningBoardServices.framework/Versions/A/RunningBoardServices
0x00007ff829c99000 	/System/Library/PrivateFrameworks/IOSurfaceAccelerator.framework/Versions/A/IOSurfaceAccelerator
0x00007ff81ee9d000 	/System/Library/PrivateFrameworks/WatchdogClient.framework/Versions/A/WatchdogClient
0x00007ff81388e000 	/System/Library/Frameworks/CoreDisplay.framework/Versions/A/CoreDisplay
0x00007ff81b4ba000 	/System/Library/Frameworks/CoreMedia.framework/Versions/A/CoreMedia
0x00007ff81b357000 	/System/Library/PrivateFrameworks/IOAccelerator.framework/Versions/A/IOAccelerator
0x00007ff81a26c000 	/System/Library/Frameworks/CoreVideo.framework/Versions/A/CoreVideo
0x00007ff81da8b000 	/System/Library/Frameworks/MetalPerformanceShaders.framework/Versions/A/MetalPerformanceShaders
0x00007ff81eed8000 	/System/Library/Frameworks/VideoToolbox.framework/Versions/A/VideoToolbox
0x00007ff818bb4000 	/System/Library/PrivateFrameworks/BaseBoard.framework/Versions/A/BaseBoard
0x00007ff818945000 	/System/Library/PrivateFrameworks/ProtocolBuffer.framework/Versions/A/ProtocolBuffer
0x00007ff81f528000 	/System/Library/PrivateFrameworks/GPUWrangler.framework/Versions/A/GPUWrangler
0x00007ff81f50b000 	/System/Library/PrivateFrameworks/IOPresentment.framework/Versions/A/IOPresentment
0x00007ff81f532000 	/System/Library/PrivateFrameworks/DSExternalDisplay.framework/Versions/A/DSExternalDisplay
0x00007ffa2a8db000 	/System/Library/Frameworks/OpenGL.framework/Versions/A/Libraries/libCoreFSCache.dylib
0x00007ffb16888000 	/System/Library/PrivateFrameworks/GPUCompiler.framework/Versions/31001/Libraries/libGPUCompilerUtils.dylib
0x00007ff81f59b000 	/System/Library/PrivateFrameworks/CMCaptureCore.framework/Versions/A/CMCaptureCore
0x00007ff81eaac000 	/System/Library/PrivateFrameworks/AppServerSupport.framework/Versions/A/AppServerSupport
0x00007ff820c76000 	/System/Library/PrivateFrameworks/perfdata.framework/Versions/A/perfdata
0x00007ff8139ba000 	/System/Library/PrivateFrameworks/AudioToolboxCore.framework/Versions/A/AudioToolboxCore
0x00007ff81b497000 	/System/Library/PrivateFrameworks/caulk.framework/Versions/A/caulk
0x00007ff8205a3000 	/usr/lib/libAudioStatistics.dylib
0x00007ff917737000 	/System/Library/PrivateFrameworks/SystemPolicy.framework/Versions/A/SystemPolicy
0x00007ff8207ef000 	/usr/lib/libSMC.dylib
0x00007ff8295db000 	/System/Library/Frameworks/CoreMIDI.framework/Versions/A/CoreMIDI
0x00007ff81f459000 	/usr/lib/libAudioToolboxUtility.dylib
0x00007ff913bbf000 	/System/Library/PrivateFrameworks/OSAServicesClient.framework/Versions/A/OSAServicesClient
0x00007ff820c83000 	/usr/lib/libperfcheck.dylib
0x00007ff9181c3000 	/usr/lib/libmis.dylib
0x00007ffa2a937000 	/System/Library/Frameworks/OpenGL.framework/Versions/A/Libraries/libGLU.dylib
0x00007ffa2a8fa000 	/System/Library/Frameworks/OpenGL.framework/Versions/A/Libraries/libGFXShared.dylib
0x00007ffa2ab08000 	/System/Library/Frameworks/OpenGL.framework/Versions/A/Libraries/libGL.dylib
0x00007ffa2a903000 	/System/Library/Frameworks/OpenGL.framework/Versions/A/Libraries/libGLImage.dylib
0x00007ffa2a8f7000 	/System/Library/Frameworks/OpenGL.framework/Versions/A/Libraries/libCVMSPluginSupport.dylib
0x00007ffa2a8e2000 	/System/Library/Frameworks/OpenGL.framework/Versions/A/Libraries/libCoreVMClient.dylib
0x00007ff81bff7000 	/System/Library/Frameworks/MetalPerformanceShaders.framework/Versions/A/Frameworks/MPSCore.framework/Versions/A/MPSCore
0x00007ff81d427000 	/System/Library/Frameworks/MetalPerformanceShaders.framework/Versions/A/Frameworks/MPSImage.framework/Versions/A/MPSImage
0x00007ff81cede000 	/System/Library/Frameworks/MetalPerformanceShaders.framework/Versions/A/Frameworks/MPSNeuralNetwork.framework/Versions/A/MPSNeuralNetwork
0x00007ff81d353000 	/System/Library/Frameworks/MetalPerformanceShaders.framework/Versions/A/Frameworks/MPSMatrix.framework/Versions/A/MPSMatrix
0x00007ff81d10f000 	/System/Library/Frameworks/MetalPerformanceShaders.framework/Versions/A/Frameworks/MPSRayIntersector.framework/Versions/A/MPSRayIntersector
0x00007ff81d38c000 	/System/Library/Frameworks/MetalPerformanceShaders.framework/Versions/A/Frameworks/MPSNDArray.framework/Versions/A/MPSNDArray
0x00007ffa2f4e0000 	/System/Library/Frameworks/MetalPerformanceShaders.framework/Versions/A/Frameworks/MPSFunctions.framework/Versions/A/MPSFunctions
0x00007ff812d94000 	/System/Library/PrivateFrameworks/MetalTools.framework/Versions/A/MetalTools
0x00007ff81c071000 	/System/Library/PrivateFrameworks/AggregateDictionary.framework/Versions/A/AggregateDictionary
0x00007ff81e2e2000 	/usr/lib/libIOReport.dylib
0x00007ffa2bf17000 	/System/Library/Frameworks/OpenCL.framework/Versions/A/OpenCL
0x00007ff81e646000 	/System/Library/PrivateFrameworks/FaceCore.framework/Versions/A/FaceCore
0x00007ff81e637000 	/System/Library/PrivateFrameworks/GraphVisualizer.framework/Versions/A/GraphVisualizer
0x00007ffb16793000 	/System/Library/PrivateFrameworks/FontServices.framework/Versions/A/FontServices
0x00007ff81ea63000 	/System/Library/PrivateFrameworks/OTSVG.framework/Versions/A/OTSVG
0x00007ff819e54000 	/System/Library/Frameworks/ApplicationServices.framework/Versions/A/Frameworks/ATS.framework/Versions/A/Resources/libFontRegistry.dylib
0x00007ff81eab4000 	/System/Library/PrivateFrameworks/FontServices.framework/libhvf.dylib
0x00007ffb16794000 	/System/Library/PrivateFrameworks/FontServices.framework/libXTFontStaticRegistryData.dylib
0x00007ff81e4b0000 	/System/Library/PrivateFrameworks/AppleVA.framework/Versions/A/AppleVA
0x00007ff8205c3000 	/System/Library/Frameworks/ApplicationServices.framework/Versions/A/Frameworks/ATS.framework/Versions/A/ATS
0x00007ff818062000 	/System/Library/Frameworks/ApplicationServices.framework/Versions/A/Frameworks/HIServices.framework/Versions/A/HIServices
0x00007ff81f5a5000 	/System/Library/Frameworks/ApplicationServices.framework/Versions/A/Frameworks/PrintCore.framework/Versions/A/PrintCore
0x00007ff820942000 	/System/Library/Frameworks/ApplicationServices.framework/Versions/A/Frameworks/QD.framework/Versions/A/QD
0x00007ff82093a000 	/System/Library/Frameworks/ApplicationServices.framework/Versions/A/Frameworks/ColorSyncLegacy.framework/Versions/A/ColorSyncLegacy
0x00007ff8205b3000 	/System/Library/Frameworks/ApplicationServices.framework/Versions/A/Frameworks/SpeechSynthesis.framework/Versions/A/SpeechSynthesis
0x00007ff81f566000 	/System/Library/Frameworks/ApplicationServices.framework/Versions/A/Frameworks/ATSUI.framework/Versions/A/ATSUI
0x00007ff8208cf000 	/usr/lib/libcups.2.dylib
0x00007ff820c92000 	/System/Library/Frameworks/Kerberos.framework/Versions/A/Kerberos
0x00007ff820ca1000 	/System/Library/Frameworks/GSS.framework/Versions/A/GSS
0x00007ff82062f000 	/usr/lib/libresolv.9.dylib
0x00007ff81eac3000 	/System/Library/PrivateFrameworks/Heimdal.framework/Versions/A/Heimdal
0x00007ff827745000 	/System/Library/Frameworks/Kerberos.framework/Versions/A/Libraries/libHeimdalProxy.dylib
0x00007ff818d41000 	/System/Library/Frameworks/Network.framework/Versions/A/Network
0x00007ff81e51a000 	/usr/lib/libheimdal-asn1.dylib
0x00007ff820cec000 	/System/Library/PrivateFrameworks/CommonAuth.framework/Versions/A/CommonAuth
0x00007ff820534000 	/System/Library/PrivateFrameworks/AudioSession.framework/Versions/A/AudioSession
0x00007ff81e5aa000 	/System/Library/PrivateFrameworks/MediaExperience.framework/Versions/A/MediaExperience
0x00007ff8203c8000 	/System/Library/PrivateFrameworks/AudioSession.framework/libSessionUtility.dylib
0x00007ff82094e000 	/System/Library/PrivateFrameworks/AudioResourceArbitration.framework/Versions/A/AudioResourceArbitration
0x00007ff81e523000 	/System/Library/PrivateFrameworks/IconFoundation.framework/Versions/A/IconFoundation
0x00007ff823728000 	/System/Library/PrivateFrameworks/SpeechRecognitionCore.framework/Versions/A/SpeechRecognitionCore
0x000000010be68000 	/Library/Internet Plug-Ins/JavaAppletPlugin.plugin/Contents/Home/lib/server/libjvm.dylib
0x000000010b0b6000 	/Library/Internet Plug-Ins/JavaAppletPlugin.plugin/Contents/Home/lib/libverify.dylib
0x000000010b10d000 	/Library/Internet Plug-Ins/JavaAppletPlugin.plugin/Contents/Home/lib/libjava.dylib
0x000000010b0e7000 	/Library/Internet Plug-Ins/JavaAppletPlugin.plugin/Contents/Home/lib/libzip.dylib
0x0000000128218000 	/Library/Internet Plug-Ins/JavaAppletPlugin.plugin/Contents/Home/lib/libprism_es2.dylib
0x00007ff814e39000 	/System/Library/PrivateFrameworks/CoreServicesInternal.framework/Versions/A/CoreServicesInternal
0x00007ffa2ab13000 	/System/Library/Frameworks/OpenGL.framework/Versions/A/Resources/GLEngine.bundle/GLEngine
0x00007ffa2a975000 	/System/Library/Frameworks/OpenGL.framework/Versions/A/Libraries/libGLProgrammability.dylib
0x0000000128422000 	/System/Library/Extensions/AppleMetalOpenGLRenderer.bundle/Contents/MacOS/AppleMetalOpenGLRenderer
0x00007ffa2aca2000 	/System/Library/Frameworks/OpenGL.framework/Versions/A/Resources/GLRendererFloat.bundle/GLRendererFloat
0x00007ffa2089a000 	/System/Library/Extensions/AGXMetalG13X.bundle/Contents/MacOS/AGXMetalG13X
0x00007ff9181de000 	/System/Library/PrivateFrameworks/GPURawCounter.framework/Versions/A/GPURawCounter
0x00007ff912d5b000 	/System/Library/PrivateFrameworks/IOGPU.framework/Versions/A/IOGPU
0x0000000128622000 	/Library/Internet Plug-Ins/JavaAppletPlugin.plugin/Contents/Home/lib/libglass.dylib
0x00007ff824ef9000 	/System/Library/Frameworks/FileProvider.framework/Versions/A/FileProvider
0x00007ff818b20000 	/System/Library/Frameworks/Accounts.framework/Versions/A/Accounts
0x00007ff825071000 	/System/Library/PrivateFrameworks/GenerationalStorage.framework/Versions/A/GenerationalStorage
0x00007ff825b7e000 	/System/Library/PrivateFrameworks/CoreSymbolication.framework/Versions/A/CoreSymbolication
0x00007ff8248fd000 	/System/Library/PrivateFrameworks/SymptomDiagnosticReporter.framework/Versions/A/SymptomDiagnosticReporter
0x00007ff8160f8000 	/System/Library/PrivateFrameworks/DesktopServicesPriv.framework/Versions/A/DesktopServicesPriv
0x00007ff814f7a000 	/usr/lib/libsandbox.1.dylib
0x00007ff81a2ea000 	/System/Library/PrivateFrameworks/UserManagement.framework/Versions/A/UserManagement
0x00007ff825b43000 	/System/Library/PrivateFrameworks/DebugSymbols.framework/Versions/A/DebugSymbols
0x00007ff82092f000 	/System/Library/PrivateFrameworks/NetAuth.framework/Versions/A/NetAuth
0x00007ff82181b000 	/System/Library/PrivateFrameworks/Sharing.framework/Versions/A/Sharing
0x00007ff81a2bd000 	/System/Library/PrivateFrameworks/login.framework/Versions/A/Frameworks/loginsupport.framework/Versions/A/loginsupport
0x00007ff826c7b000 	/System/Library/PrivateFrameworks/Apple80211.framework/Versions/A/Apple80211
0x00007ff81d50c000 	/System/Library/PrivateFrameworks/AuthKit.framework/Versions/A/AuthKit
0x00007ff81cb6b000 	/System/Library/PrivateFrameworks/CoreUtils.framework/Versions/A/CoreUtils
0x00007ff81ca92000 	/System/Library/Frameworks/CoreWLAN.framework/Versions/A/CoreWLAN
0x00007ff821976000 	/System/Library/Frameworks/IOBluetooth.framework/Versions/A/IOBluetooth
0x00007ff826ce3000 	/System/Library/PrivateFrameworks/CoreWiFi.framework/Versions/A/CoreWiFi
0x00007ff825718000 	/System/Library/PrivateFrameworks/FrontBoardServices.framework/Versions/A/FrontBoardServices
0x00007ff8257aa000 	/System/Library/PrivateFrameworks/BoardServices.framework/Versions/A/BoardServices
0x00007ff81cd85000 	/System/Library/PrivateFrameworks/AssertionServices.framework/Versions/A/AssertionServices
0x00007ff826e67000 	/System/Library/PrivateFrameworks/BackBoardServices.framework/Versions/A/BackBoardServices
0x00007ff820d7b000 	/System/Library/PrivateFrameworks/CorePhoneNumbers.framework/Versions/A/CorePhoneNumbers
0x00007ff824a1a000 	/System/Library/PrivateFrameworks/DiskManagement.framework/Versions/A/DiskManagement
0x00007ff82492e000 	/System/Library/PrivateFrameworks/AppleIDAuthSupport.framework/Versions/A/AppleIDAuthSupport
0x00007ffa31446000 	/System/Library/PrivateFrameworks/AAAFoundation.framework/Versions/A/AAAFoundation
0x00007ff820d5c000 	/System/Library/PrivateFrameworks/KeychainCircle.framework/Versions/A/KeychainCircle
0x00007ff8249e6000 	/System/Library/PrivateFrameworks/MediaKit.framework/Versions/A/MediaKit
0x00007ff82493a000 	/System/Library/Frameworks/DiscRecording.framework/Versions/A/DiscRecording
0x00007ff81e428000 	/usr/lib/libCoreStorage.dylib
0x00007ff827154000 	/usr/lib/libcsfde.dylib
0x00007ff821a43000 	/System/Library/PrivateFrameworks/ProtectedCloudStorage.framework/Versions/A/ProtectedCloudStorage
0x00007ff827150000 	/System/Library/PrivateFrameworks/EFILogin.framework/Versions/A/EFILogin
0x00007ff825097000 	/System/Library/PrivateFrameworks/OctagonTrust.framework/Versions/A/OctagonTrust
0x00007ffb15acd000 	/System/Library/PrivateFrameworks/CoreUtilsExtras.framework/Versions/A/CoreUtilsExtras
0x00007ff82486d000 	/System/Library/Frameworks/CoreBluetooth.framework/Versions/A/CoreBluetooth
0x00007ff8277ca000 	/System/Library/Frameworks/AudioUnit.framework/Versions/A/AudioUnit
0x00007ff81e420000 	/usr/lib/libMatch.1.dylib
0x00007ff91c596000 	/System/Library/Frameworks/Accelerate.framework/Versions/A/Frameworks/vImage.framework/Versions/A/Libraries/libCGInterfaces.dylib
0x0000000129f84000 	/usr/lib/libobjc-trampolines.dylib
0x00007ffb28397000 	/usr/lib/libRosetta.dylib
0x00007ff819fe4000 	/System/Library/PrivateFrameworks/ViewBridge.framework/Versions/A/ViewBridge
0x000000012bdfd000 	/Library/Internet Plug-Ins/JavaAppletPlugin.plugin/Contents/Home/lib/libjavafx_font.dylib
0x00007ff81eb7d000 	/System/Library/PrivateFrameworks/login.framework/Versions/A/login
0x000000012f39b000 	/Library/Internet Plug-Ins/JavaAppletPlugin.plugin/Contents/Home/lib/libprism_common.dylib
0x00007ff823def000 	/System/Library/PrivateFrameworks/SystemAdministration.framework/Versions/A/SystemAdministration
0x00007ff81f7cd000 	/System/Library/Frameworks/MediaToolbox.framework/Versions/A/MediaToolbox
0x00007ff8236f4000 	/System/Library/Frameworks/DirectoryService.framework/Versions/A/DirectoryService
0x00007ff826ff3000 	/System/Library/PrivateFrameworks/DiskImages.framework/Versions/A/DiskImages
0x00007ff81ce2d000 	/System/Library/Frameworks/ServiceManagement.framework/Versions/A/ServiceManagement
0x00007ff8271cc000 	/System/Library/PrivateFrameworks/LoginUIKit.framework/Versions/A/Frameworks/LoginUICore.framework/Versions/A/LoginUICore
0x00007ff81ed2b000 	/usr/lib/libodfde.dylib
0x00007ff824ec9000 	/System/Library/PrivateFrameworks/CoreAVCHD.framework/Versions/A/CoreAVCHD
0x00007ff823db3000 	/System/Library/Frameworks/MediaAccessibility.framework/Versions/A/MediaAccessibility
0x00007ff824ec5000 	/System/Library/PrivateFrameworks/Mangrove.framework/Versions/A/Mangrove
0x00007ff823dbe000 	/System/Library/PrivateFrameworks/AlgosScoreFramework.framework/Versions/A/AlgosScoreFramework
0x00007ffb12f35000 	/System/Library/PrivateFrameworks/CMPhoto.framework/Versions/A/CMPhoto
0x00007ff825a19000 	/System/Library/PrivateFrameworks/AppleVPA.framework/Versions/A/AppleVPA
0x00007ff824b0a000 	/System/Library/PrivateFrameworks/CoreAUC.framework/Versions/A/CoreAUC
0x00007ff827160000 	/usr/lib/libcurl.4.dylib
0x00007ff826ebf000 	/usr/lib/libcrypto.44.dylib
0x00007ff826fc6000 	/usr/lib/libssl.46.dylib
0x00007ff826e85000 	/System/Library/Frameworks/LDAP.framework/Versions/A/LDAP
0x00007ff826ebd000 	/System/Library/PrivateFrameworks/TrustEvaluationAgent.framework/Versions/A/TrustEvaluationAgent
0x00007ff820648000 	/usr/lib/libsasl2.2.dylib
0x00007ff823de3000 	/System/Library/PrivateFrameworks/CoreDaemon.framework/Versions/B/CoreDaemon
0x00007ff823dde000 	/System/Library/PrivateFrameworks/AppleSRP.framework/Versions/A/AppleSRP

VM Arguments:
jvm_args: -Dfile.encoding=UTF-8 
java_command: application.Main
java_class_path (initial): /Users/fugy/Documents/java/Snake/bin:/Users/fugy/.p2/pool/plugins/org.eclipse.fx.ide.css.jfx8_3.7.0.202010120832.jar
Launcher Type: SUN_STANDARD

Environment Variables:
PATH=/usr/bin:/bin:/usr/sbin:/sbin
SHELL=/bin/zsh

Signal Handlers:
SIGSEGV: [libjvm.dylib+0x59bd8b], sa_mask[0]=11111111111111111111111111111111, sa_flags=SA_ONSTACK|SA_RESTART|SA_SIGINFO
SIGBUS: [libjvm.dylib+0x59bd8b], sa_mask[0]=11111111111111111111111111111111, sa_flags=SA_RESTART|SA_SIGINFO
SIGFPE: [libjvm.dylib+0x59bd8b], sa_mask[0]=11111111111111111111111111111111, sa_flags=SA_RESTART|SA_SIGINFO
SIGPIPE: [libjvm.dylib+0x48f813], sa_mask[0]=11111111111111111111111111111111, sa_flags=SA_RESTART|SA_SIGINFO
SIGXFSZ: [libjvm.dylib+0x48f813], sa_mask[0]=11111111111111111111111111111111, sa_flags=SA_RESTART|SA_SIGINFO
SIGILL: [libjvm.dylib+0x59bd8b], sa_mask[0]=11111111111111111111111111111111, sa_flags=SA_RESTART|SA_SIGINFO
SIGUSR1: SIG_DFL, sa_mask[0]=00000000000000000000000000000000, sa_flags=none
SIGUSR2: [libjvm.dylib+0x490102], sa_mask[0]=00100000000000000000000000000000, sa_flags=SA_RESTART|SA_SIGINFO
SIGHUP: [libjvm.dylib+0x48e35f], sa_mask[0]=11111111111111111111111111111111, sa_flags=SA_RESTART|SA_SIGINFO
SIGINT: [libjvm.dylib+0x48e35f], sa_mask[0]=11111111111111111111111111111111, sa_flags=SA_RESTART|SA_SIGINFO
SIGTERM: [libjvm.dylib+0x48e35f], sa_mask[0]=11111111111111111111111111111111, sa_flags=SA_RESTART|SA_SIGINFO
SIGQUIT: [libjvm.dylib+0x48e35f], sa_mask[0]=11111111111111111111111111111111, sa_flags=SA_RESTART|SA_SIGINFO


---------------  S Y S T E M  ---------------

OS:Bsduname:Darwin 21.1.0 Darwin Kernel Version 21.1.0: Wed Oct 13 17:33:01 PDT 2021; root:xnu-8019.41.5~1/RELEASE_ARM64_T6000 x86_64
rlimit: STACK 8176k, CORE 0k, NPROC 2666, NOFILE 10240, AS infinity
load average:3.69 3.67 3.09

CPU:total 8 (initial active 8) (1 cores per cpu, 1 threads per core) family 6 model 44 stepping 0, cmov, cx8, fxsr, mmx, sse, sse2, sse3, ssse3, sse4.1, sse4.2, popcnt, aes, clmul, tsc, tscinvbit, tscinv

Memory: 4k page, physical 16777216k(342948k free)

/proc/meminfo:


vm_info: Java HotSpot(TM) 64-Bit Server VM (25.311-b11) for bsd-amd64 JRE (1.8.0_311-b11), built on Sep 27 2021 13:08:09 by "java_re" with gcc 4.2.1 Compatible Apple LLVM 11.0.0 (clang-1100.0.33.17)

time: Sun Nov 21 00:20:42 2021
timezone: CET
elapsed time: 9.338459 seconds (0d 0h 0m 9s)

